<?xml version="1.0" encoding="UTF-8" ?>
<testsuite tests="16" failures="1" name="JokeManagerTest" time="0.093" errors="0" skipped="0">
  <properties>
[...]
</properties>
  <testcase classname="JokeManagerTest" name="oneJokeAndDraw" time="0.043"/>
  <testcase classname="JokeManagerTest" name="testStopping" time="0.016"/>
  <testcase classname="JokeManagerTest" name="testAddingAndStopping" time="0.01">
    <failure message="When the jokes are printed, each joke should appear exactly once in the output. Test the code:
JokeManager manager = new JokeManager();
Scanner scanner = new Scanner(System.in);

UserInterface ui = new UserInterface(manager, scanner);
ui.start();
manager.printJokes(); expected:&lt;1&gt; but was:&lt;0&gt;" type="java.lang.AssertionError">java.lang.AssertionError: When the jokes are printed, each joke should appear exactly once in the output. Test the code:
JokeManager manager = new JokeManager();
Scanner scanner = new Scanner(System.in);

UserInterface ui = new UserInterface(manager, scanner);
ui.start();
manager.printJokes(); expected:&lt;1&gt; but was:&lt;0&gt;
	at org.junit.Assert.fail(Assert.java:88)
	at org.junit.Assert.failNotEquals(Assert.java:834)
	at org.junit.Assert.assertEquals(Assert.java:645)
	at JokeManagerTest.testAddingAndStopping(JokeManagerTest.java:172)
	at java.base/jdk.internal.reflect.NativeMethodAccessorImpl.invoke0(Native Method)
	at java.base/jdk.internal.reflect.NativeMethodAccessorImpl.invoke(NativeMethodAccessorImpl.java:62)
	at java.base/jdk.internal.reflect.DelegatingMethodAccessorImpl.invoke(DelegatingMethodAccessorImpl.java:43)
	at java.base/java.lang.reflect.Method.invoke(Method.java:566)
	at org.junit.runners.model.FrameworkMethod$1.runReflectiveCall(FrameworkMethod.java:50)
	at org.junit.internal.runners.model.ReflectiveCallable.run(ReflectiveCallable.java:12)
	at org.junit.runners.model.FrameworkMethod.invokeExplosively(FrameworkMethod.java:47)
	at org.junit.internal.runners.statements.InvokeMethod.evaluate(InvokeMethod.java:17)
	at org.junit.internal.runners.statements.FailOnTimeout$CallableStatement.call(FailOnTimeout.java:298)
	at org.junit.internal.runners.statements.FailOnTimeout$CallableStatement.call(FailOnTimeout.java:292)
	at java.base/java.util.concurrent.FutureTask.run(FutureTask.java:264)
	at java.base/java.lang.Thread.run(Thread.java:834)
</failure>
  </testcase>
  <testcase classname="JokeManagerTest" name="classJokeManagerHasCorrectMethods" time="0.001"/>
  <testcase classname="JokeManagerTest" name="testPrinting" time="0.002"/>
  <testcase classname="JokeManagerTest" name="printingJokes" time="0.001"/>
  <testcase classname="JokeManagerTest" name="manyJokesAndDraw" time="0.007"/>
  <testcase classname="JokeManagerTest" name="classJokeManagerHasParameterlessConstructor" time="0.001"/>
  <testcase classname="JokeManagerTest" name="classUserInterfaceHasTwoObjectVariables" time="0"/>
  <testcase classname="JokeManagerTest" name="noJokesAddedAndDraw" time="0"/>
  <testcase classname="JokeManagerTest" name="testDrawing" time="0.001"/>
  <testcase classname="JokeManagerTest" name="classUserInterfaceExists" time="0"/>
  <testcase classname="JokeManagerTest" name="classUserInterfaceHasMethodStart" time="0"/>
  <testcase classname="JokeManagerTest" name="classJokeManagerExists" time="0.01"/>
  <testcase classname="JokeManagerTest" name="classUserInterfaceHasConstructorWithTwoParameters" time="0.001"/>
  <testcase classname="JokeManagerTest" name="classJokeManagerOnlyHasOneObjectVariable" time="0"/>
</testsuite>